2024-11-10 22:12:54.111 [info] Started local extension host with pid 49435.
2024-11-10 22:13:00.300 [info] [perf] Render performance baseline is 428ms
2024-11-10 22:13:37.777 [error] [network] #3: https://open-vsx.org/vscode/gallery/extensionquery - error POST Canceled
2024-11-10 22:13:42.042 [error] [network] #5: https://open-vsx.org/vscode/gallery/extensionquery - error POST Canceled
2024-11-10 22:14:12.118 [error] Extension 'ms-python.debugpy CANNOT USE these API proposals 'portsAttributes, contribIssueReporter, debugVisualization, contribViewsWelcome'. You MUST start in extension development mode or use the --enable-proposed-api command line flag
2024-11-10 22:14:12.119 [error] Extension 'ms-python.python CANNOT USE these API proposals 'contribEditorContentMenu, quickPickSortByLabel, testObserver, quickPickItemTooltip, terminalDataWriteEvent, terminalExecuteCommandEvent, contribIssueReporter, codeActionAI, notebookReplDocument, notebookVariableProvider'. You MUST start in extension development mode or use the --enable-proposed-api command line flag
2024-11-10 22:14:12.130 [error] [ms-python.debugpy]: issue/reporter is a proposed menu identifier. It requires 'package.json#enabledApiProposals: ["contribIssueReporter"]' and is only available when running out of dev or with the following command line switch: --enable-proposed-api ms-python.debugpy
2024-11-10 22:14:12.130 [error] [ms-python.python]: issue/reporter is a proposed menu identifier. It requires 'package.json#enabledApiProposals: ["contribIssueReporter"]' and is only available when running out of dev or with the following command line switch: --enable-proposed-api ms-python.python
2024-11-10 22:14:12.130 [error] [ms-python.python]: editor/content is a proposed menu identifier. It requires 'package.json#enabledApiProposals: ["contribEditorContentMenu"]' and is only available when running out of dev or with the following command line switch: --enable-proposed-api ms-python.python
2024-11-10 22:14:12.631 [error] spawn /home/Coldwire/.vscode-oss/extensions/ms-python.python-2024.18.0-universal/python-env-tools/bin/pet ENOENT: Error: spawn /home/Coldwire/.vscode-oss/extensions/ms-python.python-2024.18.0-universal/python-env-tools/bin/pet ENOENT
	at ChildProcess._handle.onexit (node:internal/child_process:286:19)
	at onErrorNT (node:internal/child_process:484:16)
	at process.processTicksAndRejections (node:internal/process/task_queues:82:21)
2024-11-10 22:15:02.878 [error] [ms-python.debugpy]: issue/reporter is a proposed menu identifier. It requires 'package.json#enabledApiProposals: ["contribIssueReporter"]' and is only available when running out of dev or with the following command line switch: --enable-proposed-api ms-python.debugpy
2024-11-10 22:15:02.878 [error] [ms-python.python]: issue/reporter is a proposed menu identifier. It requires 'package.json#enabledApiProposals: ["contribIssueReporter"]' and is only available when running out of dev or with the following command line switch: --enable-proposed-api ms-python.python
2024-11-10 22:15:02.879 [error] [ms-python.python]: editor/content is a proposed menu identifier. It requires 'package.json#enabledApiProposals: ["contribEditorContentMenu"]' and is only available when running out of dev or with the following command line switch: --enable-proposed-api ms-python.python
2024-11-10 22:15:23.520 [error] [ms-python.debugpy]: issue/reporter is a proposed menu identifier. It requires 'package.json#enabledApiProposals: ["contribIssueReporter"]' and is only available when running out of dev or with the following command line switch: --enable-proposed-api ms-python.debugpy
2024-11-10 22:15:23.521 [error] [ms-python.python]: issue/reporter is a proposed menu identifier. It requires 'package.json#enabledApiProposals: ["contribIssueReporter"]' and is only available when running out of dev or with the following command line switch: --enable-proposed-api ms-python.python
2024-11-10 22:15:23.521 [error] [ms-python.python]: editor/content is a proposed menu identifier. It requires 'package.json#enabledApiProposals: ["contribEditorContentMenu"]' and is only available when running out of dev or with the following command line switch: --enable-proposed-api ms-python.python
2024-11-10 22:15:24.195 [info] [ms-pyright.pyright]: Command `pyright.organizeimports` already registered by Cursor Pyright (anysphere.pyright)
2024-11-10 22:15:24.195 [info] [ms-pyright.pyright]: Command `pyright.restartserver` already registered by Cursor Pyright (anysphere.pyright)
2024-11-10 22:15:24.195 [info] [ms-pyright.pyright]: Command `pyright.dumpTokens` already registered by Cursor Pyright (anysphere.pyright)
2024-11-10 22:15:24.196 [info] [ms-pyright.pyright]: Command `pyright.dumpNodes` already registered by Cursor Pyright (anysphere.pyright)
2024-11-10 22:15:24.196 [info] [ms-pyright.pyright]: Command `pyright.dumpTypes` already registered by Cursor Pyright (anysphere.pyright)
2024-11-10 22:15:24.196 [info] [ms-pyright.pyright]: Command `pyright.dumpCachedTypes` already registered by Cursor Pyright (anysphere.pyright)
2024-11-10 22:15:24.196 [info] [ms-pyright.pyright]: Command `pyright.dumpCodeFlowGraph` already registered by Cursor Pyright (anysphere.pyright)
2024-11-10 22:15:24.199 [error] [ms-python.debugpy]: issue/reporter is a proposed menu identifier. It requires 'package.json#enabledApiProposals: ["contribIssueReporter"]' and is only available when running out of dev or with the following command line switch: --enable-proposed-api ms-python.debugpy
2024-11-10 22:15:24.200 [error] [ms-python.python]: issue/reporter is a proposed menu identifier. It requires 'package.json#enabledApiProposals: ["contribIssueReporter"]' and is only available when running out of dev or with the following command line switch: --enable-proposed-api ms-python.python
2024-11-10 22:15:24.201 [error] [ms-python.python]: editor/content is a proposed menu identifier. It requires 'package.json#enabledApiProposals: ["contribEditorContentMenu"]' and is only available when running out of dev or with the following command line switch: --enable-proposed-api ms-python.python
2024-11-10 22:15:24.202 [warning] [ms-pyright.pyright]: Cannot register 'python.analysis.autoImportCompletions'. This property is already registered.
2024-11-10 22:15:24.202 [warning] [ms-pyright.pyright]: Cannot register 'python.analysis.autoSearchPaths'. This property is already registered.
2024-11-10 22:15:24.202 [warning] [ms-pyright.pyright]: Cannot register 'python.analysis.extraPaths'. This property is already registered.
2024-11-10 22:15:24.203 [warning] [ms-pyright.pyright]: Cannot register 'python.analysis.stubPath'. This property is already registered.
2024-11-10 22:15:24.203 [warning] [ms-pyright.pyright]: Cannot register 'python.analysis.diagnosticMode'. This property is already registered.
2024-11-10 22:15:24.203 [warning] [ms-pyright.pyright]: Cannot register 'python.analysis.diagnosticSeverityOverrides'. This property is already registered.
2024-11-10 22:15:24.203 [warning] [ms-pyright.pyright]: Cannot register 'python.analysis.logLevel'. This property is already registered.
2024-11-10 22:15:24.203 [warning] [ms-pyright.pyright]: Cannot register 'python.analysis.typeCheckingMode'. This property is already registered.
2024-11-10 22:15:24.203 [warning] [ms-pyright.pyright]: Cannot register 'python.analysis.typeshedPaths'. This property is already registered.
2024-11-10 22:15:24.203 [warning] [ms-pyright.pyright]: Cannot register 'python.analysis.useLibraryCodeForTypes'. This property is already registered.
2024-11-10 22:15:24.204 [warning] [ms-pyright.pyright]: Cannot register 'pyright.disableLanguageServices'. This property is already registered.
2024-11-10 22:15:24.204 [warning] [ms-pyright.pyright]: Cannot register 'pyright.disableOrganizeImports'. This property is already registered.
2024-11-10 22:15:24.204 [warning] [ms-pyright.pyright]: Cannot register 'python.pythonPath'. This property is already registered.
2024-11-10 22:15:24.204 [warning] [ms-pyright.pyright]: Cannot register 'python.venvPath'. This property is already registered.
2024-11-10 22:15:44.380 [info] Started local extension host with pid 49905.
2024-11-10 22:15:44.855 [error] Extension 'ms-python.debugpy CANNOT USE these API proposals 'portsAttributes, contribIssueReporter, debugVisualization, contribViewsWelcome'. You MUST start in extension development mode or use the --enable-proposed-api command line flag
2024-11-10 22:15:44.855 [error] Extension 'ms-python.python CANNOT USE these API proposals 'contribEditorContentMenu, quickPickSortByLabel, testObserver, quickPickItemTooltip, terminalDataWriteEvent, terminalExecuteCommandEvent, contribIssueReporter, codeActionAI, notebookReplDocument, notebookVariableProvider'. You MUST start in extension development mode or use the --enable-proposed-api command line flag
2024-11-10 22:15:44.872 [error] [ms-python.python]: issue/reporter is a proposed menu identifier. It requires 'package.json#enabledApiProposals: ["contribIssueReporter"]' and is only available when running out of dev or with the following command line switch: --enable-proposed-api ms-python.python
2024-11-10 22:15:44.872 [error] [ms-python.python]: editor/content is a proposed menu identifier. It requires 'package.json#enabledApiProposals: ["contribEditorContentMenu"]' and is only available when running out of dev or with the following command line switch: --enable-proposed-api ms-python.python
2024-11-10 22:15:47.180 [info] [perf] Render performance baseline is 81ms
2024-11-10 22:15:47.197 [error] Extension 'ms-python.debugpy CANNOT USE these API proposals 'portsAttributes, contribIssueReporter, debugVisualization, contribViewsWelcome'. You MUST start in extension development mode or use the --enable-proposed-api command line flag
2024-11-10 22:15:47.202 [info] [ms-pyright.pyright]: Command `pyright.organizeimports` already registered by Cursor Pyright (anysphere.pyright)
2024-11-10 22:15:47.203 [info] [ms-pyright.pyright]: Command `pyright.restartserver` already registered by Cursor Pyright (anysphere.pyright)
2024-11-10 22:15:47.203 [info] [ms-pyright.pyright]: Command `pyright.dumpTokens` already registered by Cursor Pyright (anysphere.pyright)
2024-11-10 22:15:47.203 [info] [ms-pyright.pyright]: Command `pyright.dumpNodes` already registered by Cursor Pyright (anysphere.pyright)
2024-11-10 22:15:47.203 [info] [ms-pyright.pyright]: Command `pyright.dumpTypes` already registered by Cursor Pyright (anysphere.pyright)
2024-11-10 22:15:47.204 [info] [ms-pyright.pyright]: Command `pyright.dumpCachedTypes` already registered by Cursor Pyright (anysphere.pyright)
2024-11-10 22:15:47.204 [info] [ms-pyright.pyright]: Command `pyright.dumpCodeFlowGraph` already registered by Cursor Pyright (anysphere.pyright)
2024-11-10 22:15:47.208 [error] [ms-python.debugpy]: issue/reporter is a proposed menu identifier. It requires 'package.json#enabledApiProposals: ["contribIssueReporter"]' and is only available when running out of dev or with the following command line switch: --enable-proposed-api ms-python.debugpy
2024-11-10 22:15:47.208 [error] [ms-python.python]: issue/reporter is a proposed menu identifier. It requires 'package.json#enabledApiProposals: ["contribIssueReporter"]' and is only available when running out of dev or with the following command line switch: --enable-proposed-api ms-python.python
2024-11-10 22:15:47.210 [error] [ms-python.python]: editor/content is a proposed menu identifier. It requires 'package.json#enabledApiProposals: ["contribEditorContentMenu"]' and is only available when running out of dev or with the following command line switch: --enable-proposed-api ms-python.python
2024-11-10 22:15:47.210 [warning] [ms-pyright.pyright]: Cannot register 'python.analysis.autoImportCompletions'. This property is already registered.
2024-11-10 22:15:47.211 [warning] [ms-pyright.pyright]: Cannot register 'python.analysis.autoSearchPaths'. This property is already registered.
2024-11-10 22:15:47.211 [warning] [ms-pyright.pyright]: Cannot register 'python.analysis.extraPaths'. This property is already registered.
2024-11-10 22:15:47.211 [warning] [ms-pyright.pyright]: Cannot register 'python.analysis.stubPath'. This property is already registered.
2024-11-10 22:15:47.211 [warning] [ms-pyright.pyright]: Cannot register 'python.analysis.diagnosticMode'. This property is already registered.
2024-11-10 22:15:47.211 [warning] [ms-pyright.pyright]: Cannot register 'python.analysis.diagnosticSeverityOverrides'. This property is already registered.
2024-11-10 22:15:47.211 [warning] [ms-pyright.pyright]: Cannot register 'python.analysis.logLevel'. This property is already registered.
2024-11-10 22:15:47.212 [warning] [ms-pyright.pyright]: Cannot register 'python.analysis.typeCheckingMode'. This property is already registered.
2024-11-10 22:15:47.212 [warning] [ms-pyright.pyright]: Cannot register 'python.analysis.typeshedPaths'. This property is already registered.
2024-11-10 22:15:47.212 [warning] [ms-pyright.pyright]: Cannot register 'python.analysis.useLibraryCodeForTypes'. This property is already registered.
2024-11-10 22:15:47.212 [warning] [ms-pyright.pyright]: Cannot register 'pyright.disableLanguageServices'. This property is already registered.
2024-11-10 22:15:47.212 [warning] [ms-pyright.pyright]: Cannot register 'pyright.disableOrganizeImports'. This property is already registered.
2024-11-10 22:15:47.212 [warning] [ms-pyright.pyright]: Cannot register 'python.pythonPath'. This property is already registered.
2024-11-10 22:15:47.212 [warning] [ms-pyright.pyright]: Cannot register 'python.venvPath'. This property is already registered.
2024-11-10 22:15:51.718 [error] spawn /home/Coldwire/.vscode-oss/extensions/ms-python.python-2024.18.0-universal/python-env-tools/bin/pet ENOENT: Error: spawn /home/Coldwire/.vscode-oss/extensions/ms-python.python-2024.18.0-universal/python-env-tools/bin/pet ENOENT
	at ChildProcess._handle.onexit (node:internal/child_process:286:19)
	at onErrorNT (node:internal/child_process:484:16)
	at process.processTicksAndRejections (node:internal/process/task_queues:82:21)
