2024-11-10 22:12:54.010 [info] Added views:outline in workbench.view.explorer
2024-11-10 22:12:54.010 [info] Added views:workbench.view.search in workbench.view.search
2024-11-10 22:12:54.010 [info] Added views:workbench.scm in workbench.view.scm
2024-11-10 22:12:54.010 [info] Added views:workbench.panel.markers.view in workbench.panel.markers
2024-11-10 22:12:54.010 [info] Added views:workbench.panel.output in workbench.panel.output
2024-11-10 22:12:54.010 [info] Added views:terminal in terminal
2024-11-10 22:12:54.010 [info] Added views:timeline in workbench.view.explorer
2024-11-10 22:12:54.010 [info] Added views:workbench.explorer.emptyView in workbench.view.explorer
2024-11-10 22:12:54.618 [info] Added views:workbench.debug.welcome in workbench.view.debug
2024-11-10 22:12:55.119 [info] Added views:workbench.panel.repl.view in workbench.panel.repl
2024-11-10 22:12:55.162 [info] Added views:~remote.forwardedPorts in ~remote.forwardedPortsContainer
2024-11-10 22:12:57.315 [info] Added views:workbench.views.extensions.installed,workbench.views.extensions.popular,extensions.recommendedList in workbench.view.extensions
2024-11-10 22:12:57.346 [info] Removed views:workbench.views.extensions.popular from workbench.view.extensions
2024-11-10 22:12:59.345 [info] Added views:workbench.views.extensions.popular in workbench.view.extensions
2024-11-10 22:13:37.514 [info] Removed views:extensions.recommendedList,workbench.views.extensions.popular,workbench.views.extensions.installed from workbench.view.extensions
2024-11-10 22:13:37.527 [info] Added views:workbench.views.extensions.marketplace in workbench.view.extensions
2024-11-10 22:13:37.749 [info] Removed views:workbench.views.extensions.marketplace from workbench.view.extensions
2024-11-10 22:13:37.774 [info] Added views:workbench.views.extensions.installed,workbench.views.extensions.popular,extensions.recommendedList in workbench.view.extensions
2024-11-10 22:13:42.012 [info] Removed views:extensions.recommendedList,workbench.views.extensions.popular,workbench.views.extensions.installed from workbench.view.extensions
2024-11-10 22:13:42.040 [info] Added views:workbench.views.extensions.marketplace in workbench.view.extensions
2024-11-10 22:14:12.656 [info] Added views:workbench.view.testing in workbench.view.extension.test
2024-11-10 22:15:43.724 [info] Removed views:workbench.view.testing from workbench.view.extension.test
2024-11-10 22:15:44.306 [info] Added views:outline in workbench.view.explorer
2024-11-10 22:15:44.306 [info] Added views:workbench.view.search in workbench.view.search
2024-11-10 22:15:44.306 [info] Added views:workbench.scm in workbench.view.scm
2024-11-10 22:15:44.306 [info] Added views:workbench.panel.markers.view in workbench.panel.markers
2024-11-10 22:15:44.306 [info] Added views:workbench.panel.output in workbench.panel.output
2024-11-10 22:15:44.306 [info] Added views:terminal in terminal
2024-11-10 22:15:44.306 [info] Added views:timeline in workbench.view.explorer
2024-11-10 22:15:44.306 [info] Added views:workbench.explorer.fileView in workbench.view.explorer
2024-11-10 22:15:45.050 [info] Added views:workbench.debug.variablesView,workbench.debug.watchExpressionsView,workbench.debug.callStackView,workbench.debug.breakPointsView in workbench.view.debug
2024-11-10 22:15:45.177 [info] Added views:workbench.panel.repl.view in workbench.panel.repl
2024-11-10 22:15:45.179 [info] Removed views:workbench.debug.breakPointsView,workbench.debug.callStackView,workbench.debug.watchExpressionsView,workbench.debug.variablesView from workbench.view.debug
2024-11-10 22:15:45.181 [info] Added views:workbench.debug.welcome in workbench.view.debug
2024-11-10 22:15:45.201 [info] Added views:~remote.forwardedPorts in ~remote.forwardedPortsContainer
2024-11-10 22:15:51.745 [info] Added views:workbench.view.testing in workbench.view.extension.test
