2024-11-10 22:19:29.833 [info] Started local extension host with pid 50637.
2024-11-10 22:19:30.428 [error] Extension 'ms-python.debugpy CANNOT USE these API proposals 'portsAttributes, contribIssueReporter, debugVisualization, contribViewsWelcome'. You MUST start in extension development mode or use the --enable-proposed-api command line flag
2024-11-10 22:19:30.428 [error] Extension 'ms-python.python CANNOT USE these API proposals 'contribEditorContentMenu, quickPickSortByLabel, testObserver, quickPickItemTooltip, terminalDataWriteEvent, terminalExecuteCommandEvent, contribIssueReporter, codeActionAI, notebookReplDocument, notebookVariableProvider'. You MUST start in extension development mode or use the --enable-proposed-api command line flag
2024-11-10 22:19:30.454 [info] [ms-pyright.pyright]: Command `pyright.organizeimports` already registered by Cursor Pyright (anysphere.pyright)
2024-11-10 22:19:30.454 [info] [ms-pyright.pyright]: Command `pyright.restartserver` already registered by Cursor Pyright (anysphere.pyright)
2024-11-10 22:19:30.455 [info] [ms-pyright.pyright]: Command `pyright.dumpTokens` already registered by Cursor Pyright (anysphere.pyright)
2024-11-10 22:19:30.456 [info] [ms-pyright.pyright]: Command `pyright.dumpNodes` already registered by Cursor Pyright (anysphere.pyright)
2024-11-10 22:19:30.456 [info] [ms-pyright.pyright]: Command `pyright.dumpTypes` already registered by Cursor Pyright (anysphere.pyright)
2024-11-10 22:19:30.456 [info] [ms-pyright.pyright]: Command `pyright.dumpCachedTypes` already registered by Cursor Pyright (anysphere.pyright)
2024-11-10 22:19:30.456 [info] [ms-pyright.pyright]: Command `pyright.dumpCodeFlowGraph` already registered by Cursor Pyright (anysphere.pyright)
2024-11-10 22:19:30.469 [error] [ms-python.debugpy]: issue/reporter is a proposed menu identifier. It requires 'package.json#enabledApiProposals: ["contribIssueReporter"]' and is only available when running out of dev or with the following command line switch: --enable-proposed-api ms-python.debugpy
2024-11-10 22:19:30.469 [error] [ms-python.python]: issue/reporter is a proposed menu identifier. It requires 'package.json#enabledApiProposals: ["contribIssueReporter"]' and is only available when running out of dev or with the following command line switch: --enable-proposed-api ms-python.python
2024-11-10 22:19:30.470 [error] [ms-python.python]: editor/content is a proposed menu identifier. It requires 'package.json#enabledApiProposals: ["contribEditorContentMenu"]' and is only available when running out of dev or with the following command line switch: --enable-proposed-api ms-python.python
2024-11-10 22:19:30.473 [warning] [ms-pyright.pyright]: Cannot register 'python.analysis.autoImportCompletions'. This property is already registered.
2024-11-10 22:19:30.474 [warning] [ms-pyright.pyright]: Cannot register 'python.analysis.autoSearchPaths'. This property is already registered.
2024-11-10 22:19:30.474 [warning] [ms-pyright.pyright]: Cannot register 'python.analysis.extraPaths'. This property is already registered.
2024-11-10 22:19:30.474 [warning] [ms-pyright.pyright]: Cannot register 'python.analysis.stubPath'. This property is already registered.
2024-11-10 22:19:30.475 [warning] [ms-pyright.pyright]: Cannot register 'python.analysis.diagnosticMode'. This property is already registered.
2024-11-10 22:19:30.475 [warning] [ms-pyright.pyright]: Cannot register 'python.analysis.diagnosticSeverityOverrides'. This property is already registered.
2024-11-10 22:19:30.475 [warning] [ms-pyright.pyright]: Cannot register 'python.analysis.logLevel'. This property is already registered.
2024-11-10 22:19:30.476 [warning] [ms-pyright.pyright]: Cannot register 'python.analysis.typeCheckingMode'. This property is already registered.
2024-11-10 22:19:30.476 [warning] [ms-pyright.pyright]: Cannot register 'python.analysis.typeshedPaths'. This property is already registered.
2024-11-10 22:19:30.476 [warning] [ms-pyright.pyright]: Cannot register 'python.analysis.useLibraryCodeForTypes'. This property is already registered.
2024-11-10 22:19:30.476 [warning] [ms-pyright.pyright]: Cannot register 'pyright.disableLanguageServices'. This property is already registered.
2024-11-10 22:19:30.477 [warning] [ms-pyright.pyright]: Cannot register 'pyright.disableOrganizeImports'. This property is already registered.
2024-11-10 22:19:30.477 [warning] [ms-pyright.pyright]: Cannot register 'python.pythonPath'. This property is already registered.
2024-11-10 22:19:30.478 [warning] [ms-python.python]: Cannot register 'python.venvPath'. This property is already registered.
2024-11-10 22:19:31.220 [error] spawn /home/Coldwire/.vscode-oss/extensions/ms-python.python-2024.18.0-universal/python-env-tools/bin/pet ENOENT: Error: spawn /home/Coldwire/.vscode-oss/extensions/ms-python.python-2024.18.0-universal/python-env-tools/bin/pet ENOENT
	at ChildProcess._handle.onexit (node:internal/child_process:286:19)
	at onErrorNT (node:internal/child_process:484:16)
	at process.processTicksAndRejections (node:internal/process/task_queues:82:21)
