[2024-Oct-20 19:16:45.470 +00:00][ 4384: 4384][info ] Logging initialized
[2024-Oct-27 16:13:49.092 +00:00][40527:40527][info ] Logging initialized
[2024-Oct-27 16:46:54.579 +00:00][41258:41258][info ] Logging initialized
[2024-Oct-28 09:46:18.705 +00:00][42661:42661][info ] Logging initialized
[2024-Oct-29 21:00:05.018 +00:00][51004:51004][info ] Logging initialized
[2024-Oct-31 14:37:46.880 +00:00][ 9199: 9199][info ] Logging initialized
[2024-Oct-31 20:08:49.460 +00:00][17414:17414][info ] Logging initialized
[2024-Nov-01 18:47:45.079 +00:00][20196:20196][info ] Logging initialized
[2024-Nov-02 16:05:16.122 +00:00][ 2982: 2982][info ] Logging initialized
[2024-Nov-02 16:24:26.550 +00:00][ 5073: 5073][info ] Logging initialized
[2024-Nov-02 16:51:19.360 +00:00][ 8720: 8720][info ] Logging initialized
[2024-Nov-03 10:42:31.698 +00:00][14064:14064][info ] Logging initialized
[2024-Nov-03 19:04:43.041 +00:00][44283:44283][info ] Logging initialized
[2024-Nov-04 16:35:31.784 +00:00][47869:47869][info ] Logging initialized
[2024-Nov-04 21:17:26.482 +00:00][60999:60999][info ] Logging initialized
[2024-Nov-05 16:54:49.679 +00:00][ 1594: 1594][info ] Logging initialized
[2024-Nov-05 21:51:34.731 +00:00][13665:13665][info ] Logging initialized
[2024-Nov-08 07:17:26.952 +00:00][11934:11934][info ] Logging initialized
[2024-Nov-08 15:47:16.489 +00:00][51020:51020][info ] Logging initialized
[2024-Nov-08 21:35:45.090 +00:00][ 1305: 1305][info ] Logging initialized
[2024-Nov-09 10:22:15.646 +00:00][16056:16056][info ] Logging initialized
[2024-Nov-10 10:41:44.867 +00:00][34095:34095][info ] Logging initialized
[2024-Nov-10 21:53:40.670 +00:00][48340:48340][info ] Logging initialized
[2024-Nov-10 22:19:07.237 +00:00][50339:50339][info ] Logging initialized
[2024-Nov-12 07:17:38.484 +00:00][ 1280: 1280][info ] Logging initialized
[2024-Nov-12 13:26:24.963 +00:00][40969:40969][info ] Logging initialized
[2024-Nov-13 08:29:28.250 +00:00][117387:117387][info ] Logging initialized
[2024-Nov-15 14:58:50.901 +00:00][132491:132491][info ] Logging initialized
[2024-Nov-16 17:08:58.545 +00:00][193764:193764][info ] Logging initialized
[2024-Nov-16 17:12:38.261 +00:00][194118:194118][info ] Logging initialized
[2024-Nov-17 17:53:37.400 +00:00][248301:248301][info ] Logging initialized
[2024-Nov-18 14:32:56.829 +00:00][22748:22748][info ] Logging initialized
[2024-Nov-18 19:50:54.297 +00:00][35523:35523][info ] Logging initialized
[2024-Nov-19 09:32:04.482 +00:00][229366:229366][info ] Logging initialized
[2024-Nov-19 18:46:01.813 +00:00][391255:391255][info ] Logging initialized
[2024-Nov-19 21:38:08.554 +00:00][459654:459654][info ] Logging initialized
[2024-Nov-19 22:23:26.470 +00:00][497083:497083][info ] Logging initialized
[2024-Nov-19 23:31:36.408 +00:00][577612:577612][info ] Logging initialized
[2024-Nov-20 18:48:33.769 +00:00][ 1646: 1646][info ] Logging initialized
[2024-Nov-20 22:01:14.409 +00:00][16024:16024][info ] Logging initialized
[2024-Nov-21 08:20:18.241 +00:00][ 3181: 3181][info ] Logging initialized
[2024-Nov-22 07:47:24.490 +00:00][ 7832: 7832][info ] Logging initialized
[2024-Nov-22 18:52:00.444 +00:00][37852:37852][info ] Logging initialized
[2024-Nov-22 20:31:28.643 +00:00][39352:39352][info ] Logging initialized
[2024-Nov-22 22:03:32.089 +00:00][43953:43953][info ] Logging initialized
[2024-Nov-23 06:52:20.743 +00:00][45911:45911][info ] Logging initialized
[2024-Nov-23 13:18:18.682 +00:00][76654:76654][info ] Logging initialized
[2024-Nov-23 14:58:57.384 +00:00][82534:82534][info ] Logging initialized
[2024-Nov-23 16:02:42.798 +00:00][84915:84915][info ] Logging initialized
[2024-Nov-23 17:05:57.150 +00:00][87008:87008][info ] Logging initialized
[2024-Nov-23 20:10:28.639 +00:00][167135:167135][info ] Logging initialized
[2024-Nov-24 13:50:40.238 +00:00][ 2700: 2700][info ] Logging initialized
[2024-Nov-24 15:14:39.526 +00:00][ 6597: 6597][info ] Logging initialized
[2024-Nov-24 17:36:37.384 +00:00][13991:13991][info ] Logging initialized
[2024-Nov-25 08:44:12.638 +00:00][ 1567: 1567][info ] Logging initialized
[2024-Nov-25 10:12:14.908 +00:00][ 9857: 9857][info ] Logging initialized
[2024-Nov-25 15:53:03.383 +00:00][12344:12344][info ] Logging initialized
[2024-Nov-25 15:56:03.028 +00:00][13025:13025][info ] Logging initialized
[2024-Nov-25 16:42:46.957 +00:00][15804:15804][info ] Logging initialized
[2024-Nov-27 08:11:21.532 +00:00][44201:44201][info ] Logging initialized
[2024-Nov-27 09:19:52.685 +00:00][49334:49334][info ] Logging initialized
[2024-Nov-28 14:34:23.839 +00:00][ 1323: 1323][info ] Logging initialized
[2024-Nov-28 17:16:57.335 +00:00][ 6929: 6929][info ] Logging initialized
[2024-Nov-29 15:53:57.504 +00:00][11311:11311][info ] Logging initialized
[2024-Nov-29 16:22:23.011 +00:00][16278:16278][info ] Logging initialized
[2024-Nov-29 17:12:44.111 +00:00][20650:20650][info ] Logging initialized
[2024-Nov-29 18:30:52.224 +00:00][22753:22753][info ] Logging initialized
[2024-Nov-29 18:34:43.359 +00:00][23617:23617][info ] Logging initialized
[2024-Nov-30 20:22:24.856 +00:00][25907:25907][info ] Logging initialized
[2024-Nov-30 20:37:56.411 +00:00][28881:28881][info ] Logging initialized
[2024-Nov-30 20:59:56.773 +00:00][29775:29775][info ] Logging initialized
[2024-Dec-02 11:58:06.203 +00:00][87174:87174][info ] Logging initialized
[2024-Dec-02 13:52:32.177 +00:00][97579:97579][info ] Logging initialized
[2024-Dec-02 17:04:01.337 +00:00][106384:106384][info ] Logging initialized
[2024-Dec-03 07:47:44.770 +00:00][111913:111913][info ] Logging initialized
[2024-Dec-04 07:35:42.384 +00:00][155281:155281][info ] Logging initialized
[2024-Dec-04 10:14:23.208 +00:00][161533:161533][info ] Logging initialized
[2024-Dec-04 10:27:00.209 +00:00][162939:162939][info ] Logging initialized
[2024-Dec-04 18:30:10.442 +00:00][166207:166207][info ] Logging initialized
[2024-Dec-04 19:53:28.285 +00:00][170645:170645][info ] Logging initialized
[2024-Dec-04 20:07:58.305 +00:00][171944:171944][info ] Logging initialized
[2024-Dec-05 11:43:24.249 +00:00][195602:195602][info ] Logging initialized
[2024-Dec-07 10:15:12.075 +00:00][216745:216745][info ] Logging initialized
[2024-Dec-07 11:59:34.279 +00:00][222857:222857][info ] Logging initialized
[2024-Dec-07 19:02:48.565 +00:00][227305:227305][info ] Logging initialized
[2024-Dec-07 20:29:23.213 +00:00][229985:229985][info ] Logging initialized
[2024-Dec-07 20:31:10.292 +00:00][230456:230456][info ] Logging initialized
[2024-Dec-07 21:23:31.589 +00:00][265750:265750][info ] Logging initialized
[2024-Dec-08 16:46:48.971 +00:00][277233:277233][info ] Logging initialized
[2024-Dec-08 20:36:49.051 +00:00][290028:290028][info ] Logging initialized
[2024-Dec-08 21:01:14.925 +00:00][292193:292193][info ] Logging initialized
[2024-Dec-08 21:09:41.748 +00:00][293001:293001][info ] Logging initialized
[2024-Dec-08 21:55:00.515 +00:00][298438:298438][info ] Logging initialized
[2024-Dec-08 23:49:52.778 +00:00][310721:310721][info ] Logging initialized
[2024-Dec-09 08:15:38.730 +00:00][314781:314781][info ] Logging initialized
[2024-Dec-09 16:42:22.869 +00:00][327403:327403][info ] Logging initialized
[2024-Dec-09 17:18:48.630 +00:00][335925:335925][info ] Logging initialized
[2024-Dec-09 18:56:28.015 +00:00][342840:342840][info ] Logging initialized
[2024-Dec-09 19:43:39.627 +00:00][344022:344022][info ] Logging initialized
[2024-Dec-09 19:51:06.713 +00:00][345133:345133][info ] Logging initialized
[2024-Dec-11 10:18:21.271 +00:00][434496:434496][info ] Logging initialized
[2024-Dec-11 21:14:49.269 +00:00][458936:458936][info ] Logging initialized
[2024-Dec-12 17:36:32.876 +00:00][25347:25347][info ] Logging initialized
[2024-Dec-13 16:41:29.006 +00:00][35000:35000][info ] Logging initialized
[2024-Dec-13 23:04:56.462 +00:00][147284:147284][info ] Logging initialized
[2024-Dec-14 16:21:56.904 +00:00][42407:42407][info ] Logging initialized
[2024-Dec-16 12:33:31.020 +00:00][170819:170819][info ] Logging initialized
[2024-Dec-16 12:36:46.358 +00:00][205674:205674][info ] Logging initialized
