Mono path[0] = '/home/Coldwire/Downloads/LINUX/DrainMansion_Data/Managed'
Mono config path = '/home/Coldwire/Downloads/LINUX/DrainMansion_Data/MonoBleedingEdge/etc'
Display 0 'eDP-1 15"': 1920x1080 (primary device).
Loading player data from /home/Coldwire/Downloads/LINUX/DrainMansion_Data/data.unity3d
Unable to load player prefs
Desktop is 1920 x 1080 @ 60 Hz
Initialize engine version: 2020.3.19f1 (68f137dc9bbe)
[Subsystems] Discovering subsystems at path /home/Coldwire/Downloads/LINUX/DrainMansion_Data/UnitySubsystems
GfxDevice: creating device client; threaded=1
Renderer: Mesa Intel(R) UHD Graphics (CML GT2)
Vendor:   Intel
Version:  4.6 (Core Profile) Mesa 24.1.6-arch1.1
GLES:     0
 GL_3DFX_texture_compression_FXT1 GL_AMD_conservative_depth GL_AMD_depth_clamp_separate GL_AMD_draw_buffers_blend GL_AMD_gpu_shader_int64 GL_AMD_multi_draw_indirect GL_AMD_performance_monitor GL_AMD_pinned_memory GL_AMD_query_buffer_object GL_AMD_seamless_cubemap_per_texture GL_AMD_shader_stencil_export GL_AMD_shader_trinary_minmax GL_AMD_texture_texture4 GL_AMD_vertex_shader_layer GL_AMD_vertex_shader_viewport_index GL_ANGLE_texture_compression_dxt3 GL_ANGLE_texture_compression_dxt5 GL_ARB_ES2_compatibility GL_ARB_ES3_1_compatibility GL_ARB_ES3_2_compatibility GL_ARB_ES3_compatibility GL_ARB_arrays_of_arrays GL_ARB_base_instance GL_ARB_blend_func_extended GL_ARB_buffer_storage GL_ARB_clear_buffer_object GL_ARB_clear_texture GL_ARB_clip_control GL_ARB_compressed_texture_pixel_storage GL_ARB_compute_shader GL_ARB_compute_variable_group_size GL_ARB_conditional_render_inverted GL_ARB_conservative_depth GL_ARB_copy_buffer GL_ARB_copy_image GL_ARB_cull_distance GL_ARB_debug_output GL_ARB_depth_buffer_float GL_ARB
_depth_clamp GL_ARB_derivative_control GL_ARB_direct_state_access GL_ARB_draw_buffers GL_ARB_draw_buffers_blend GL_ARB_draw_elements_base_vertex GL_ARB_draw_indirect GL_ARB_draw_instanced GL_ARB_enhanced_layouts GL_ARB_explicit_attrib_location GL_ARB_explicit_uniform_location GL_ARB_fragment_coord_conventions GL_ARB_fragment_layer_viewport GL_ARB_fragment_shader GL_ARB_fragment_shader_interlock GL_ARB_framebuffer_no_attachments GL_ARB_framebuffer_object GL_ARB_framebuffer_sRGB GL_ARB_get_program_binary GL_ARB_get_texture_sub_image GL_ARB_gl_spirv GL_ARB_gpu_shader5 GL_ARB_gpu_shader_fp64 GL_ARB_gpu_shader_int64 GL_ARB_half_float_pixel GL_ARB_half_float_vertex GL_ARB_indirect_parameters GL_ARB_instanced_arrays GL_ARB_internalformat_query GL_ARB_internalformat_query2 GL_ARB_invalidate_subdata GL_ARB_map_buffer_alignment GL_ARB_map_buffer_range GL_ARB_multi_bind GL_ARB_multi_draw_indirect GL_ARB_occlusion_query2 GL_ARB_parallel_shader_compile GL_ARB_pipeline_statistics_query GL_ARB_pixel_buffer_object GL_ARB_po
int_sprite GL_ARB_polygon_offset_clamp GL_ARB_post_depth_coverage GL_ARB_program_interface_query GL_ARB_provoking_vertex GL_ARB_query_buffer_object GL_ARB_robust_buffer_access_behavior GL_ARB_robustness GL_ARB_sample_shading GL_ARB_sampler_objects GL_ARB_seamless_cube_map GL_ARB_seamless_cubemap_per_texture GL_ARB_separate_shader_objects GL_ARB_shader_atomic_counter_ops GL_ARB_shader_atomic_counters GL_ARB_shader_ballot GL_ARB_shader_bit_encoding GL_ARB_shader_clock GL_ARB_shader_draw_parameters GL_ARB_shader_group_vote GL_ARB_shader_image_load_store GL_ARB_shader_image_size GL_ARB_shader_objects GL_ARB_shader_precision GL_ARB_shader_stencil_export GL_ARB_shader_storage_buffer_object GL_ARB_shader_subroutine GL_ARB_shader_texture_image_samples GL_ARB_shader_texture_lod GL_ARB_shader_viewport_layer_array GL_ARB_shading_language_420pack GL_ARB_shading_language_include GL_ARB_shading_language_packing GL_ARB_spirv_extensions GL_ARB_stencil_texturing GL_ARB_sync GL_ARB_tessellation_shader GL_ARB_texture_barrier G
L_ARB_texture_border_clamp GL_ARB_texture_buffer_object GL_ARB_texture_buffer_object_rgb32 GL_ARB_texture_buffer_range GL_ARB_texture_compression_bptc GL_ARB_texture_compression_rgtc GL_ARB_texture_cube_map_array GL_ARB_texture_filter_anisotropic GL_ARB_texture_float GL_ARB_texture_gather GL_ARB_texture_mirror_clamp_to_edge GL_ARB_texture_multisample GL_ARB_texture_non_power_of_two GL_ARB_texture_query_levels GL_ARB_texture_query_lod GL_ARB_texture_rectangle GL_ARB_texture_rg GL_ARB_texture_rgb10_a2ui GL_ARB_texture_stencil8 GL_ARB_texture_storage GL_ARB_texture_storage_multisample GL_ARB_texture_swizzle GL_ARB_texture_view GL_ARB_timer_query GL_ARB_transform_feedback2 GL_ARB_transform_feedback3 GL_ARB_transform_feedback_instanced GL_ARB_transform_feedback_overflow_query GL_ARB_uniform_buffer_object GL_ARB_vertex_array_bgra GL_ARB_vertex_array_object GL_ARB_vertex_attrib_64bit GL_ARB_vertex_attrib_binding GL_ARB_vertex_buffer_object GL_ARB_vertex_shader GL_ARB_vertex_type_10f_11f_11f_rev GL_ARB_vertex_type_2
_10_10_10_rev GL_ARB_viewport_array GL_ATI_blend_equation_separate GL_ATI_texture_float GL_EXT_EGL_image_storage GL_EXT_EGL_sync GL_EXT_abgr GL_EXT_blend_equation_separate GL_EXT_debug_label GL_EXT_demote_to_helper_invocation GL_EXT_draw_buffers2 GL_EXT_draw_instanced GL_EXT_framebuffer_blit GL_EXT_framebuffer_multisample GL_EXT_framebuffer_multisample_blit_scaled GL_EXT_framebuffer_object GL_EXT_framebuffer_sRGB GL_EXT_memory_object GL_EXT_memory_object_fd GL_EXT_packed_depth_stencil GL_EXT_packed_float GL_EXT_pixel_buffer_object GL_EXT_polygon_offset_clamp GL_EXT_provoking_vertex GL_EXT_semaphore GL_EXT_semaphore_fd GL_EXT_shader_framebuffer_fetch GL_EXT_shader_framebuffer_fetch_non_coherent GL_EXT_shader_integer_mix GL_EXT_shader_samples_identical GL_EXT_texture_array GL_EXT_texture_compression_dxt1 GL_EXT_texture_compression_rgtc GL_EXT_texture_compression_s3tc GL_EXT_texture_filter_anisotropic GL_EXT_texture_integer GL_EXT_texture_sRGB GL_EXT_texture_sRGB_R8 GL_EXT_texture_sRGB_decode GL_EXT_texture_sha
dow_lod GL_EXT_texture_shared_exponent GL_EXT_texture_snorm GL_EXT_texture_storage GL_EXT_texture_swizzle GL_EXT_timer_query GL_EXT_transform_feedback GL_EXT_vertex_array_bgra GL_EXT_vertex_attrib_64bit GL_IBM_multimode_draw_arrays GL_INTEL_blackhole_render GL_INTEL_conservative_rasterization GL_INTEL_performance_query GL_INTEL_shader_atomic_float_minmax GL_INTEL_shader_integer_functions2 GL_KHR_blend_equation_advanced GL_KHR_blend_equation_advanced_coherent GL_KHR_context_flush_control GL_KHR_debug GL_KHR_no_error GL_KHR_parallel_shader_compile GL_KHR_robust_buffer_access_behavior GL_KHR_robustness GL_KHR_texture_compression_astc_ldr GL_KHR_texture_compression_astc_sliced_3d GL_MESA_framebuffer_flip_y GL_MESA_pack_invert GL_MESA_shader_integer_functions GL_MESA_texture_const_bandwidth GL_MESA_texture_signed_rgba GL_NV_alpha_to_coverage_dither_control GL_NV_compute_shader_derivatives GL_NV_conditional_render GL_NV_copy_image GL_NV_depth_clamp GL_NV_fragment_shader_interlock GL_NV_packed_depth_stencil GL_NV_t
exture_barrier GL_OES_EGL_image GL_S3_s3tc
OPENGL LOG: Creating OpenGL 4.6 graphics device ; Context level  <OpenGL 4.5> ; Context handle 797677232
Begin MonoManager ReloadAssembly
- Completed reload, in  0.046 seconds
Default vsync count 1
requesting resize 1280 x 720
resizing window to 1280 x 720
Desktop is 1920 x 1080 @ 60 Hz
UnloadTime: 1.216339 ms
Odin Serializer ArchitectureInfo initialization with defaults (all unaligned read/writes disabled).
Odin Serializer detected whitelisted runtime platform LinuxPlayer and memory read test succeeded; enabling all unaligned memory read/writes.
Desktop is 1920 x 1080 @ 60 Hz
requesting resize 1280 x 720
resizing window to 1280 x 720
Desktop is 1920 x 1080 @ 60 Hz
Unloading 6 Unused Serialized files (Serialized files now loaded: 0)
UnloadTime: 28.799259 ms

Unloading 109 unused Assets to reduce memory usage. Loaded Objects now: 1965.
Total: 5.905481 ms (FindLiveObjects: 0.252860 ms CreateObjectMapping: 0.209459 ms MarkObjects: 5.032801 ms  DeleteObjects: 0.409454 ms)

Unloading 5 Unused Serialized files (Serialized files now loaded: 0)
UnloadTime: 0.300996 ms

Unloading 5 unused Assets to reduce memory usage. Loaded Objects now: 2574.
Total: 2.165128 ms (FindLiveObjects: 0.111600 ms CreateObjectMapping: 0.061409 ms MarkObjects: 1.938151 ms  DeleteObjects: 0.053376 ms)

Unloading 9 Unused Serialized files (Serialized files now loaded: 0)
UnloadTime: 3.112873 ms

Unloading 53 unused Assets to reduce memory usage. Loaded Objects now: 2387.
Total: 4.885105 ms (FindLiveObjects: 0.223039 ms CreateObjectMapping: 0.240417 ms MarkObjects: 4.224976 ms  DeleteObjects: 0.195403 ms)

Unloading 5 Unused Serialized files (Serialized files now loaded: 0)
UnloadTime: 1.225615 ms

Unloading 40 unused Assets to reduce memory usage. Loaded Objects now: 2584.
Total: 4.293477 ms (FindLiveObjects: 0.658698 ms CreateObjectMapping: 0.180047 ms MarkObjects: 3.297980 ms  DeleteObjects: 0.155849 ms)

Unloading 8 Unused Serialized files (Serialized files now loaded: 0)
UnloadTime: 2.708103 ms

Unloading 48 unused Assets to reduce memory usage. Loaded Objects now: 2579.
Total: 8.727041 ms (FindLiveObjects: 0.369036 ms CreateObjectMapping: 0.258508 ms MarkObjects: 7.683152 ms  DeleteObjects: 0.414393 ms)

Unloading 14 Unused Serialized files (Serialized files now loaded: 0)
UnloadTime: 0.770620 ms

Unloading 78 unused Assets to reduce memory usage. Loaded Objects now: 2639.
Total: 3.263070 ms (FindLiveObjects: 0.150066 ms CreateObjectMapping: 0.105099 ms MarkObjects: 2.558515 ms  DeleteObjects: 0.448287 ms)

Unloading 8 Unused Serialized files (Serialized files now loaded: 0)
UnloadTime: 2.251344 ms

Unloading 113 unused Assets to reduce memory usage. Loaded Objects now: 2602.
Total: 9.624310 ms (FindLiveObjects: 0.590095 ms CreateObjectMapping: 0.424360 ms MarkObjects: 6.343753 ms  DeleteObjects: 2.263889 ms)

Unloading 14 Unused Serialized files (Serialized files now loaded: 0)
UnloadTime: 0.650734 ms

Unloading 75 unused Assets to reduce memory usage. Loaded Objects now: 2657.
Total: 3.392099 ms (FindLiveObjects: 0.267161 ms CreateObjectMapping: 0.123453 ms MarkObjects: 2.787860 ms  DeleteObjects: 0.212876 ms)

Unloading 8 Unused Serialized files (Serialized files now loaded: 0)
UnloadTime: 1.958318 ms

Unloading 113 unused Assets to reduce memory usage. Loaded Objects now: 2620.
Total: 9.704255 ms (FindLiveObjects: 0.332135 ms CreateObjectMapping: 0.336456 ms MarkObjects: 6.841860 ms  DeleteObjects: 2.192598 ms)

Unloading 14 Unused Serialized files (Serialized files now loaded: 0)
UnloadTime: 1.081890 ms

Unloading 76 unused Assets to reduce memory usage. Loaded Objects now: 2675.
Total: 5.064063 ms (FindLiveObjects: 0.463880 ms CreateObjectMapping: 0.408790 ms MarkObjects: 3.930972 ms  DeleteObjects: 0.259573 ms)

Unloading 9 Unused Serialized files (Serialized files now loaded: 0)
UnloadTime: 1.011536 ms

Unloading 34 unused Assets to reduce memory usage. Loaded Objects now: 2949.
Total: 7.801103 ms (FindLiveObjects: 0.340905 ms CreateObjectMapping: 0.588124 ms MarkObjects: 6.055396 ms  DeleteObjects: 0.814971 ms)

Unloading 10 Unused Serialized files (Serialized files now loaded: 0)
UnloadTime: 1.405605 ms

Unloading 130 unused Assets to reduce memory usage. Loaded Objects now: 2837.
Total: 3.565330 ms (FindLiveObjects: 0.170425 ms CreateObjectMapping: 0.160327 ms MarkObjects: 2.851819 ms  DeleteObjects: 0.382144 ms)

Unloading 10 Unused Serialized files (Serialized files now loaded: 0)
UnloadTime: 2.099707 ms

Unloading 71 unused Assets to reduce memory usage. Loaded Objects now: 2843.
Total: 4.442314 ms (FindLiveObjects: 0.190797 ms CreateObjectMapping: 0.135182 ms MarkObjects: 3.564936 ms  DeleteObjects: 0.550570 ms)

Unloading 10 Unused Serialized files (Serialized files now loaded: 0)
UnloadTime: 1.457933 ms

Unloading 70 unused Assets to reduce memory usage. Loaded Objects now: 2849.
Total: 4.999687 ms (FindLiveObjects: 0.205454 ms CreateObjectMapping: 0.159402 ms MarkObjects: 3.966330 ms  DeleteObjects: 0.667689 ms)

Unloading 10 Unused Serialized files (Serialized files now loaded: 0)
UnloadTime: 1.459401 ms

Unloading 70 unused Assets to reduce memory usage. Loaded Objects now: 2855.
Total: 4.833436 ms (FindLiveObjects: 0.451212 ms CreateObjectMapping: 0.187758 ms MarkObjects: 3.678613 ms  DeleteObjects: 0.515074 ms)

Unloading 10 Unused Serialized files (Serialized files now loaded: 0)
UnloadTime: 1.245263 ms

Unloading 70 unused Assets to reduce memory usage. Loaded Objects now: 2861.
Total: 4.933114 ms (FindLiveObjects: 0.374075 ms CreateObjectMapping: 0.261138 ms MarkObjects: 3.871578 ms  DeleteObjects: 0.425016 ms)

Unloading 9 Unused Serialized files (Serialized files now loaded: 0)
UnloadTime: 0.996334 ms

Unloading 116 unused Assets to reduce memory usage. Loaded Objects now: 2995.
Total: 6.465281 ms (FindLiveObjects: 0.617755 ms CreateObjectMapping: 0.475476 ms MarkObjects: 4.591060 ms  DeleteObjects: 0.780032 ms)

Unloading 10 Unused Serialized files (Serialized files now loaded: 0)
UnloadTime: 1.473712 ms

Unloading 192 unused Assets to reduce memory usage. Loaded Objects now: 2879.
Total: 5.688815 ms (FindLiveObjects: 0.228417 ms CreateObjectMapping: 0.324622 ms MarkObjects: 4.060377 ms  DeleteObjects: 1.074088 ms)

Unloading 9 Unused Serialized files (Serialized files now loaded: 0)
UnloadTime: 0.983178 ms

Unloading 116 unused Assets to reduce memory usage. Loaded Objects now: 3013.
Total: 4.301472 ms (FindLiveObjects: 0.257150 ms CreateObjectMapping: 0.275621 ms MarkObjects: 3.159178 ms  DeleteObjects: 0.608457 ms)

Unloading 10 Unused Serialized files (Serialized files now loaded: 0)
UnloadTime: 1.265144 ms

Unloading 193 unused Assets to reduce memory usage. Loaded Objects now: 2899.
Total: 4.701329 ms (FindLiveObjects: 0.284077 ms CreateObjectMapping: 0.182300 ms MarkObjects: 3.299554 ms  DeleteObjects: 0.934593 ms)

Unloading 10 Unused Serialized files (Serialized files now loaded: 0)
UnloadTime: 2.330406 ms

Unloading 70 unused Assets to reduce memory usage. Loaded Objects now: 2905.
Total: 4.461086 ms (FindLiveObjects: 0.228355 ms CreateObjectMapping: 0.138549 ms MarkObjects: 3.283777 ms  DeleteObjects: 0.809604 ms)

Unloading 9 Unused Serialized files (Serialized files now loaded: 0)
UnloadTime: 0.873606 ms

Unloading 116 unused Assets to reduce memory usage. Loaded Objects now: 3039.
Total: 14.650344 ms (FindLiveObjects: 1.598015 ms CreateObjectMapping: 0.455927 ms MarkObjects: 11.478274 ms  DeleteObjects: 1.116914 ms)

Unloading 10 Unused Serialized files (Serialized files now loaded: 0)
UnloadTime: 1.195809 ms

Unloading 191 unused Assets to reduce memory usage. Loaded Objects now: 2923.
Total: 4.340838 ms (FindLiveObjects: 0.289598 ms CreateObjectMapping: 0.260593 ms MarkObjects: 2.935228 ms  DeleteObjects: 0.854707 ms)

Unloading 9 Unused Serialized files (Serialized files now loaded: 0)
UnloadTime: 0.890973 ms

Unloading 116 unused Assets to reduce memory usage. Loaded Objects now: 3057.
Total: 4.313371 ms (FindLiveObjects: 0.296059 ms CreateObjectMapping: 0.236216 ms MarkObjects: 3.308203 ms  DeleteObjects: 0.471755 ms)

Unloading 10 Unused Serialized files (Serialized files now loaded: 0)
UnloadTime: 2.886883 ms

Unloading 191 unused Assets to reduce memory usage. Loaded Objects now: 2941.
Total: 7.360512 ms (FindLiveObjects: 0.300145 ms CreateObjectMapping: 0.237294 ms MarkObjects: 5.313903 ms  DeleteObjects: 1.507734 ms)

Unloading 9 Unused Serialized files (Serialized files now loaded: 0)
UnloadTime: 0.887610 ms

Unloading 116 unused Assets to reduce memory usage. Loaded Objects now: 3075.
Total: 6.876018 ms (FindLiveObjects: 0.381532 ms CreateObjectMapping: 0.278001 ms MarkObjects: 5.466254 ms  DeleteObjects: 0.749190 ms)

Unloading 9 Unused Serialized files (Serialized files now loaded: 0)
UnloadTime: 2.783841 ms

Unloading 80 unused Assets to reduce memory usage. Loaded Objects now: 2774.
Total: 3.698401 ms (FindLiveObjects: 0.228683 ms CreateObjectMapping: 0.159287 ms MarkObjects: 2.950033 ms  DeleteObjects: 0.359499 ms)

Unloading 10 Unused Serialized files (Serialized files now loaded: 0)
UnloadTime: 0.700621 ms

Unloading 144 unused Assets to reduce memory usage. Loaded Objects now: 2970.
Total: 4.567774 ms (FindLiveObjects: 0.201427 ms CreateObjectMapping: 0.139146 ms MarkObjects: 3.159436 ms  DeleteObjects: 1.067171 ms)

Setting up 2 worker threads for Enlighten.
  Thread -> id: 72bcbe2006c0 -> priority: 1 
  Thread -> id: 72bc9fe006c0 -> priority: 1 
Curl error 42: Callback aborted
